This is pdfTeX, Version 3.141592653-2.6-1.40.22 (TeX Live 2021/Arch Linux) (preloaded format=pdflatex 2021.6.23)  25 JUN 2021 17:35
entering extended mode
 restricted \write18 enabled.
 file:line:error style messages enabled.
 %&-line parsing enabled.
**/home/hafsaoui/Documents/License/L3/Competence/Latex/Ivanqcm.tex
(/home/hafsaoui/Documents/License/L3/Competence/Latex/Ivanqcm.tex
LaTeX2e <2020-10-01> patch level 4
L3 programming layer <2021-02-18> (/usr/share/texmf-dist/tex/latex/exam/exam.cls
Document Class: exam 2021/02/26 Version 2.7 by Philip Hirschhorn
(/usr/share/texmf-dist/tex/latex/base/ifthen.sty
Package: ifthen 2014/09/29 v1.1c Standard LaTeX ifthen package (DPC)
) (/usr/share/texmf-dist/tex/latex/base/article.cls
Document Class: article 2020/04/10 v1.4m Standard LaTeX document class
(/usr/share/texmf-dist/tex/latex/base/size10.clo
File: size10.clo 2020/04/10 v1.4m Standard LaTeX file (size option)
)
\c@part=\count179
\c@section=\count180
\c@subsection=\count181
\c@subsubsection=\count182
\c@paragraph=\count183
\c@subparagraph=\count184
\c@figure=\count185
\c@table=\count186
\abovecaptionskip=\skip47
\belowcaptionskip=\skip48
\bibindent=\dimen138
)
\@extrawidth=\skip49
\@rightmargin=\skip50
\@extrahead=\skip51
\@extrafoot=\skip52
\run@exhd=\skip53
\fp@exhd=\skip54
\run@exft=\skip55
\fp@exft=\skip56
\covrun@exhd=\skip57
\covfp@exhd=\skip58
\covrun@exft=\skip59
\covfp@exft=\skip60
\c@num@coverpages=\count187
\c@latest@ques=\count188
\c@ques@end=\count189
\c@last@object=\count190
\c@incmp@ques=\count191
\c@next@ques=\count192
\c@next@page=\count193
\c@tmp@hlfcntr=\count194
\c@ifpos@cntr=\count195
\c@question=\count196
\c@partno=\count197
\c@subpart=\count198
\c@subsubpart=\count199
\c@choice=\count266
\c@numpoints=\count267
\c@numbonuspoints=\count268
\c@pointsof@thisquestion=\count269
\c@bonuspointsof@thisquestion=\count270
\c@numquestions=\count271
\c@numparts=\count272
\c@numsubparts=\count273
\c@numsubsubparts=\count274
\c@Curr@Page=\count275
\c@@pagepoints=\count276
\c@@pagebonuspoints=\count277
\c@pageof@pagepoints=\count278
\c@pageof@pagebonuspoints=\count279
\c@latest@points=\count280
\c@latest@bonuspoints=\count281
\pageinfo@commands=\toks15
\temp@toks=\toks16
\pagepoint@commands=\toks17
\point@toks=\toks18
\c@ques@object=\count282
\marginpointssep=\skip61
\rightpointsmargin=\skip62
\choice@toks=\toks19
\answerlinelength=\skip63
\answerskip=\skip64
\answerclearance=\skip65
\fillinlinelength=\skip66
\linefillheight=\skip67
\linefillthickness=\skip68
\dottedlinefillheight=\skip69
\gridsize=\skip70
\gridlinewidth=\skip71
\minboxheight=\skip72
\c@@iterator=\count283
\@cellwidth=\skip73
\c@tbl@points=\count284
\c@tbl@bonuspoints=\count285
\c@pq@index=\count286
\c@pq@index@pts=\count287
\c@pq@index@bpts=\count288
\c@num@cols=\count289
\c@num@rows=\count290
\c@current@row=\count291
\c@cols@done=\count292
\exam@box=\box47
\saved@totalleftmargin=\dimen139
\@sollistdepth=\count293
\exam@FrameRule=\dimen140
\exam@FrameSep=\dimen141
) (/usr/share/texmf-dist/tex/latex/xpatch/xpatch.sty (/usr/share/texmf-dist/tex/latex/l3kernel/expl3.sty
Package: expl3 2021-02-18 L3 programming layer (loader) 
 (/usr/share/texmf-dist/tex/latex/l3backend/l3backend-pdftex.def
File: l3backend-pdftex.def 2021-03-18 L3 backend support: PDF output (pdfTeX)
\l__color_backend_stack_int=\count294
\l__pdf_internal_box=\box48
))
Package: xpatch 2020/03/25 v0.3a Extending etoolbox patching commands
 (/usr/share/texmf-dist/tex/latex/l3packages/xparse/xparse.sty (/usr/share/texmf-dist/tex/latex/l3packages/xparse/xparse-2020-10-01.sty (/usr/share/texmf-dist/tex/latex/l3packages/xparse/xparse-generic.tex))) (/usr/share/texmf-dist/tex/latex/etoolbox/etoolbox.sty
Package: etoolbox 2020/10/05 v2.5k e-TeX tools for LaTeX (JAW)
\etb@tempcnta=\count295
)) (/usr/share/texmf-dist/tex/latex/fdsymbol/fdsymbol.sty
Package: fdsymbol 2011/11/01 v0.8 FdSymbol support package
 (/usr/share/texmf-dist/tex/latex/xkeyval/xkeyval.sty
Package: xkeyval 2020/11/20 v2.8 package option processing (HA)
 (/usr/share/texmf-dist/tex/generic/xkeyval/xkeyval.tex (/usr/share/texmf-dist/tex/generic/xkeyval/xkvutils.tex
\XKV@toks=\toks20
\XKV@tempa@toks=\toks21
 (/usr/share/texmf-dist/tex/generic/xkeyval/keyval.tex))
\XKV@depth=\count296
File: xkeyval.tex 2014/12/03 v2.7a key=value parser (HA)
)) (/usr/share/texmf-dist/tex/latex/amsmath/amsmath.sty
Package: amsmath 2020/09/23 v2.17i AMS math features
\@mathmargin=\skip74

For additional information on amsmath, use the `?' option.
(/usr/share/texmf-dist/tex/latex/amsmath/amstext.sty
Package: amstext 2000/06/29 v2.01 AMS text
 (/usr/share/texmf-dist/tex/latex/amsmath/amsgen.sty
File: amsgen.sty 1999/11/30 v2.0 generic functions
\@emptytoks=\toks22
\ex@=\dimen142
)) (/usr/share/texmf-dist/tex/latex/amsmath/amsbsy.sty
Package: amsbsy 1999/11/29 v1.2d Bold Symbols
\pmbraise@=\dimen143
) (/usr/share/texmf-dist/tex/latex/amsmath/amsopn.sty
Package: amsopn 2016/03/08 v2.02 operator names
)
\inf@bad=\count297
LaTeX Info: Redefining \frac on input line 234.
\uproot@=\count298
\leftroot@=\count299
LaTeX Info: Redefining \overline on input line 399.
\classnum@=\count300
\DOTSCASE@=\count301
LaTeX Info: Redefining \ldots on input line 496.
LaTeX Info: Redefining \dots on input line 499.
LaTeX Info: Redefining \cdots on input line 620.
\Mathstrutbox@=\box49
\strutbox@=\box50
\big@size=\dimen144
LaTeX Font Info:    Redeclaring font encoding OML on input line 743.
LaTeX Font Info:    Redeclaring font encoding OMS on input line 744.
\macc@depth=\count302
\c@MaxMatrixCols=\count303
\dotsspace@=\muskip16
\c@parentequation=\count304
\dspbrk@lvl=\count305
\tag@help=\toks23
\row@=\count306
\column@=\count307
\maxfields@=\count308
\andhelp@=\toks24
\eqnshift@=\dimen145
\alignsep@=\dimen146
\tagshift@=\dimen147
\tagwidth@=\dimen148
\totwidth@=\dimen149
\lineht@=\dimen150
\@envbody=\toks25
\multlinegap=\skip75
\multlinetaggap=\skip76
\mathdisplay@stack=\toks26
LaTeX Info: Redefining \[ on input line 2923.
LaTeX Info: Redefining \] on input line 2924.
) (/usr/share/texmf-dist/tex/latex/base/textcomp.sty
Package: textcomp 2020/02/02 v2.0n Standard LaTeX package
)
LaTeX Info: Redefining \dagger on input line 81.
LaTeX Info: Redefining \ddagger on input line 82.
LaTeX Info: Redefining \mathparagraph on input line 83.
LaTeX Info: Redefining \mathsection on input line 84.
LaTeX Info: Redefining \mathdollar on input line 85.
LaTeX Info: Redefining \mathsterling on input line 86.
LaTeX Info: Redefining \Re on input line 92.
LaTeX Info: Redefining \Im on input line 93.
LaTeX Font Info:    Redeclaring symbol font `symbols' on input line 180.
LaTeX Font Info:    Encoding `OMS' has changed to `U' for symbol font
(Font)              `symbols' in the math version `normal' on input line 180.
LaTeX Font Info:    Overwriting symbol font `symbols' in version `normal'
(Font)                  OMS/cmsy/m/n --> U/FdSymbolA/m/n on input line 180.
LaTeX Font Info:    Encoding `OMS' has changed to `U' for symbol font
(Font)              `symbols' in the math version `bold' on input line 180.
LaTeX Font Info:    Overwriting symbol font `symbols' in version `bold'
(Font)                  OMS/cmsy/b/n --> U/FdSymbolA/m/n on input line 180.
\symrelations=\mathgroup4
\symarrows=\mathgroup5
\symnarrows=\mathgroup6
LaTeX Font Info:    Redeclaring symbol font `largesymbols' on input line 184.
LaTeX Font Info:    Encoding `OMX' has changed to `U' for symbol font
(Font)              `largesymbols' in the math version `normal' on input line 184.
LaTeX Font Info:    Overwriting symbol font `largesymbols' in version `normal'
(Font)                  OMX/cmex/m/n --> U/FdSymbolE/m/n on input line 184.
LaTeX Font Info:    Encoding `OMX' has changed to `U' for symbol font
(Font)              `largesymbols' in the math version `bold' on input line 184.
LaTeX Font Info:    Overwriting symbol font `largesymbols' in version `bold'
(Font)                  OMX/cmex/m/n --> U/FdSymbolE/m/n on input line 184.
\symdelimiters=\mathgroup7
LaTeX Font Info:    Overwriting symbol font `symbols' in version `bold'
(Font)                  U/FdSymbolA/m/n --> U/FdSymbolA/b/n on input line 186.
LaTeX Font Info:    Overwriting symbol font `relations' in version `bold'
(Font)                  U/FdSymbolB/m/n --> U/FdSymbolB/b/n on input line 187.
LaTeX Font Info:    Overwriting symbol font `arrows' in version `bold'
(Font)                  U/FdSymbolC/m/n --> U/FdSymbolC/b/n on input line 188.
LaTeX Font Info:    Overwriting symbol font `narrows' in version `bold'
(Font)                  U/FdSymbolD/m/n --> U/FdSymbolD/b/n on input line 189.
LaTeX Font Info:    Overwriting symbol font `largesymbols' in version `bold'
(Font)                  U/FdSymbolE/m/n --> U/FdSymbolE/b/n on input line 190.
LaTeX Font Info:    Overwriting symbol font `delimiters' in version `bold'
(Font)                  U/FdSymbolF/m/n --> U/FdSymbolF/b/n on input line 191.
LaTeX Font Info:    Redeclaring math alphabet \mathcal on input line 192.
LaTeX Font Info:    Overwriting math alphabet `\mathcal' in version `bold'
(Font)                  OMS/cmsy/m/n --> OMS/cmsy/b/n on input line 193.
LaTeX Font Info:    Overwriting math alphabet `\mathfrak' in version `bold'
(Font)                  U/euf/m/n --> U/euf/b/n on input line 196.
LaTeX Info: Redefining \vdots on input line 221.
LaTeX Info: Redefining \relbar on input line 1205.
LaTeX Info: Redefining \Relbar on input line 1206.
LaTeX Font Info:    Redeclaring math accent \widehat on input line 1796.
LaTeX Font Info:    Redeclaring math accent \widetilde on input line 1797.
LaTeX Font Info:    Redeclaring math accent \vec on input line 1799.
LaTeX Font Info:    Redeclaring math symbol \setminus on input line 1902.
LaTeX Font Info:    Redeclaring math symbol \mid on input line 1907.
LaTeX Font Info:    Redeclaring math symbol \parallel on input line 1912.
LaTeX Font Info:    Redeclaring math symbol \braceld on input line 1944.
LaTeX Font Info:    Redeclaring math symbol \bracelu on input line 1945.
LaTeX Font Info:    Redeclaring math symbol \bracerd on input line 1946.
LaTeX Font Info:    Redeclaring math symbol \braceru on input line 1947.
LaTeX Info: Redefining \overbrace on input line 1963.
LaTeX Info: Redefining \underbrace on input line 1966.
LaTeX Font Info:    Redeclaring math symbol \surd on input line 1980.
) (/usr/share/texmf-dist/tex/latex/xcolor/xcolor.sty
Package: xcolor 2016/05/11 v2.12 LaTeX color extensions (UK)
 (/usr/share/texmf-dist/tex/latex/graphics-cfg/color.cfg
File: color.cfg 2016/01/02 v1.6 sample color configuration
)
Package xcolor Info: Driver file: pdftex.def on input line 225.
 (/usr/share/texmf-dist/tex/latex/graphics-def/pdftex.def
File: pdftex.def 2020/10/05 v1.2a Graphics/color driver for pdftex
)
Package xcolor Info: Model `cmy' substituted by `cmy0' on input line 1348.
Package xcolor Info: Model `hsb' substituted by `rgb' on input line 1352.
Package xcolor Info: Model `RGB' extended on input line 1364.
Package xcolor Info: Model `HTML' substituted by `rgb' on input line 1366.
Package xcolor Info: Model `Hsb' substituted by `hsb' on input line 1367.
Package xcolor Info: Model `tHsb' substituted by `hsb' on input line 1368.
Package xcolor Info: Model `HSB' substituted by `hsb' on input line 1369.
Package xcolor Info: Model `Gray' substituted by `gray' on input line 1370.
Package xcolor Info: Model `wave' substituted by `hsb' on input line 1371.
) (/home/hafsaoui/Documents/License/L3/Competence/Latex/Ivanqcm.aux)
\openout1 = `Ivanqcm.aux'.

LaTeX Font Info:    Checking defaults for OML/cmm/m/it on input line 15.
LaTeX Font Info:    ... okay on input line 15.
LaTeX Font Info:    Checking defaults for OMS/cmsy/m/n on input line 15.
LaTeX Font Info:    ... okay on input line 15.
LaTeX Font Info:    Checking defaults for OT1/cmr/m/n on input line 15.
LaTeX Font Info:    ... okay on input line 15.
LaTeX Font Info:    Checking defaults for T1/cmr/m/n on input line 15.
LaTeX Font Info:    ... okay on input line 15.
LaTeX Font Info:    Checking defaults for TS1/cmr/m/n on input line 15.
LaTeX Font Info:    ... okay on input line 15.
LaTeX Font Info:    Checking defaults for OMX/cmex/m/n on input line 15.
LaTeX Font Info:    ... okay on input line 15.
LaTeX Font Info:    Checking defaults for U/cmr/m/n on input line 15.
LaTeX Font Info:    ... okay on input line 15.
 (/usr/share/texmf-dist/tex/context/base/mkii/supp-pdf.mkii
[Loading MPS to PDF converter (version 2006.09.02).]
\scratchcounter=\count309
\scratchdimen=\dimen151
\scratchbox=\box51
\nofMPsegments=\count310
\nofMParguments=\count311
\everyMPshowfont=\toks27
\MPscratchCnt=\count312
\MPscratchDim=\dimen152
\MPnumerator=\count313
\makeMPintoPDFobject=\count314
\everyMPtoPDFconversion=\toks28
)
LaTeX Font Info:    Font shape `U/FdSymbolA/m/n' will be
(Font)              scaled to size 10.0pt on input line 20.
LaTeX Font Info:    Font shape `U/FdSymbolA/m/n' will be
(Font)              scaled to size 7.0pt on input line 20.
LaTeX Font Info:    Font shape `U/FdSymbolA/m/n' will be
(Font)              scaled to size 5.0pt on input line 20.
LaTeX Font Info:    Font shape `U/FdSymbolE/m/n' will be
(Font)              scaled to size 10.0pt on input line 20.
LaTeX Font Info:    Font shape `U/FdSymbolE/m/n' will be
(Font)              scaled to size 7.0pt on input line 20.
LaTeX Font Info:    Font shape `U/FdSymbolE/m/n' will be
(Font)              scaled to size 5.0pt on input line 20.
LaTeX Font Info:    Font shape `U/FdSymbolB/m/n' will be
(Font)              scaled to size 10.0pt on input line 20.
LaTeX Font Info:    Font shape `U/FdSymbolB/m/n' will be
(Font)              scaled to size 7.0pt on input line 20.
LaTeX Font Info:    Font shape `U/FdSymbolB/m/n' will be
(Font)              scaled to size 5.0pt on input line 20.
LaTeX Font Info:    Font shape `U/FdSymbolC/m/n' will be
(Font)              scaled to size 10.0pt on input line 20.
LaTeX Font Info:    Font shape `U/FdSymbolC/m/n' will be
(Font)              scaled to size 7.0pt on input line 20.
LaTeX Font Info:    Font shape `U/FdSymbolC/m/n' will be
(Font)              scaled to size 5.0pt on input line 20.
LaTeX Font Info:    Font shape `U/FdSymbolD/m/n' will be
(Font)              scaled to size 10.0pt on input line 20.
LaTeX Font Info:    Font shape `U/FdSymbolD/m/n' will be
(Font)              scaled to size 7.0pt on input line 20.
LaTeX Font Info:    Font shape `U/FdSymbolD/m/n' will be
(Font)              scaled to size 5.0pt on input line 20.
LaTeX Font Info:    Font shape `U/FdSymbolF/m/n' will be
(Font)              scaled to size 10.0pt on input line 20.
LaTeX Font Info:    Font shape `U/FdSymbolF/m/n' will be
(Font)              scaled to size 7.0pt on input line 20.
LaTeX Font Info:    Font shape `U/FdSymbolF/m/n' will be
(Font)              scaled to size 5.0pt on input line 20.
LaTeX Font Info:    Trying to load font information for U+euf on input line 32.
 (/usr/share/texmf-dist/tex/latex/amsfonts/ueuf.fd
File: ueuf.fd 2013/01/14 v3.01 Euler Fraktur
)
Overfull \hbox (24.5778pt too wide) in paragraph at lines 24--33
[] 
 []


Overfull \hbox (24.5778pt too wide) in paragraph at lines 40--41
 [] 
 []


Overfull \hbox (24.5778pt too wide) in paragraph at lines 42--51
[] 
 []

LaTeX Font Info:    Trying to load font information for U+msb on input line 102.
(/usr/share/texmf-dist/tex/latex/amsfonts/umsb.fd
File: umsb.fd 2013/01/14 v3.01 AMS symbols B
)
LaTeX Font Info:    Trying to load font information for OMS+cmr on input line 136.
 (/usr/share/texmf-dist/tex/latex/base/omscmr.fd
File: omscmr.fd 2019/12/16 v2.5j Standard LaTeX font definitions
)
LaTeX Font Info:    Font shape `OMS/cmr/m/n' in size <10> not available
(Font)              Font shape `OMS/cmsy/m/n' tried instead on input line 136.
 [1{/var/lib/texmf/fonts/map/pdftex/updmap/pdftex.map}

]
Overfull \hbox (10.2355pt too wide) in paragraph at lines 235--236
[]\OT1/cmr/m/n/10 Quel est l'indice $\OML/cmm/m/it/10 q$ \OT1/cmr/m/n/10 ren-voy^^Separ l'algorithme de par-tione-ment du trie rapide pour la liste $\OML/cmm/m/it/10 L$\OT1/cmr/m/n/10 =[3,5,5,1,3,2,3,7,1,4]
 []

[2]
This exam contains 20 questions with 0 parts, 0 subparts, and 0 subsubparts.
This exam has a total of 0 points.
This exam has a total of 0 bonus points.
(/home/hafsaoui/Documents/License/L3/Competence/Latex/Ivanqcm.aux) ) 
Here is how much of TeX's memory you used:
 6910 strings out of 478994
 90759 string characters out of 5864751
 382134 words of memory out of 5000000
 24377 multiletter control sequences out of 15000+600000
 410405 words of font info for 52 fonts, out of 8000000 for 9000
 1141 hyphenation exceptions out of 8191
 82i,10n,88p,782b,310s stack positions out of 5000i,500n,10000p,200000b,80000s
</usr/share/texmf-dist/fonts/type1/public/fdsymbol/FdSymbolA-Book.pfb></usr/share/texmf-dist/fonts/type1/public/fdsymbol/FdSymbolB-Book.pfb></usr/share/texmf-dist/fonts/type1/public/fdsymbol/FdSymbolE-Book.pfb></usr/share/texmf-dist/fonts/type1/public/fdsymbol/FdSymbolF-Book.pfb></usr/share/texmf-dist/fonts/type1/public/amsfonts/cm/cmbx10.pfb></usr/share/texmf-dist/fonts/type1/public/amsfonts/cm/cmmi10.pfb></usr/share/texmf-dist/fonts/type1/public/amsfonts/cm/cmmi7.pfb></usr/share/texmf-dist/fonts/type1/public/amsfonts/cm/cmr10.pfb></usr/share/texmf-dist/fonts/type1/public/amsfonts/cm/cmr7.pfb></usr/share/texmf-dist/fonts/type1/public/amsfonts/cm/cmsy10.pfb></usr/share/texmf-dist/fonts/type1/public/amsfonts/euler/eufm10.pfb></usr/share/texmf-dist/fonts/type1/public/amsfonts/symbols/msbm10.pfb>
Output written on /home/hafsaoui/Documents/License/L3/Competence/Latex/Ivanqcm.pdf (2 pages, 114469 bytes).
PDF statistics:
 59 PDF objects out of 1000 (max. 8388607)
 42 compressed objects within 1 object stream
 0 named destinations out of 1000 (max. 500000)
 1 words of extra memory for PDF output out of 10000 (max. 10000000)

