State 16 conflicts: 1 shift/reduce
State 17 conflicts: 6 shift/reduce
State 18 conflicts: 1 shift/reduce
State 19 conflicts: 1 shift/reduce
State 20 conflicts: 1 shift/reduce
State 21 conflicts: 1 shift/reduce


Grammar

    0 $accept: PROG $end

    1 PROG: %empty
    2     | PROG EXP FIN

    3 EXP: NB
    4    | EXP AFFECT EXP
    5    | EXP PLUS EXP
    6    | EXP MOINS EXP
    7    | EXP MULT EXP
    8    | EXP DIV EXP
    9    | PO EXP PF
   10    | EXP POW EXP
   11    | MEM


Terminals, with rules where they appear

    $end (0) 0
    error (256)
    NB (258) 3
    PLUS (259) 5
    FIN (260) 2
    PO (261) 9
    PF (262) 9
    MEM (263) 11
    AFFECT (264) 4
    MOINS (265) 6
    MULT (266) 7
    DIV (267) 8
    POW (268) 10


Nonterminals, with rules where they appear

    $accept (14)
        on left: 0
    PROG (15)
        on left: 1 2
        on right: 0 2
    EXP (16)
        on left: 3 4 5 6 7 8 9 10 11
        on right: 2 4 5 6 7 8 9 10


State 0

    0 $accept: . PROG $end

    $default  reduce using rule 1 (PROG)

    PROG  go to state 1


State 1

    0 $accept: PROG . $end
    2 PROG: PROG . EXP FIN

    $end  shift, and go to state 2
    NB    shift, and go to state 3
    PO    shift, and go to state 4
    MEM   shift, and go to state 5

    EXP  go to state 6


State 2

    0 $accept: PROG $end .

    $default  accept


State 3

    3 EXP: NB .

    $default  reduce using rule 3 (EXP)


State 4

    9 EXP: PO . EXP PF

    NB   shift, and go to state 3
    PO   shift, and go to state 4
    MEM  shift, and go to state 5

    EXP  go to state 7


State 5

   11 EXP: MEM .

    $default  reduce using rule 11 (EXP)


State 6

    2 PROG: PROG EXP . FIN
    4 EXP: EXP . AFFECT EXP
    5    | EXP . PLUS EXP
    6    | EXP . MOINS EXP
    7    | EXP . MULT EXP
    8    | EXP . DIV EXP
   10    | EXP . POW EXP

    PLUS    shift, and go to state 8
    FIN     shift, and go to state 9
    AFFECT  shift, and go to state 10
    MOINS   shift, and go to state 11
    MULT    shift, and go to state 12
    DIV     shift, and go to state 13
    POW     shift, and go to state 14


State 7

    4 EXP: EXP . AFFECT EXP
    5    | EXP . PLUS EXP
    6    | EXP . MOINS EXP
    7    | EXP . MULT EXP
    8    | EXP . DIV EXP
    9    | PO EXP . PF
   10    | EXP . POW EXP

    PLUS    shift, and go to state 8
    PF      shift, and go to state 15
    AFFECT  shift, and go to state 10
    MOINS   shift, and go to state 11
    MULT    shift, and go to state 12
    DIV     shift, and go to state 13
    POW     shift, and go to state 14


State 8

    5 EXP: EXP PLUS . EXP

    NB   shift, and go to state 3
    PO   shift, and go to state 4
    MEM  shift, and go to state 5

    EXP  go to state 16


State 9

    2 PROG: PROG EXP FIN .

    $default  reduce using rule 2 (PROG)


State 10

    4 EXP: EXP AFFECT . EXP

    NB   shift, and go to state 3
    PO   shift, and go to state 4
    MEM  shift, and go to state 5

    EXP  go to state 17


State 11

    6 EXP: EXP MOINS . EXP

    NB   shift, and go to state 3
    PO   shift, and go to state 4
    MEM  shift, and go to state 5

    EXP  go to state 18


State 12

    7 EXP: EXP MULT . EXP

    NB   shift, and go to state 3
    PO   shift, and go to state 4
    MEM  shift, and go to state 5

    EXP  go to state 19


State 13

    8 EXP: EXP DIV . EXP

    NB   shift, and go to state 3
    PO   shift, and go to state 4
    MEM  shift, and go to state 5

    EXP  go to state 20


State 14

   10 EXP: EXP POW . EXP

    NB   shift, and go to state 3
    PO   shift, and go to state 4
    MEM  shift, and go to state 5

    EXP  go to state 21


State 15

    9 EXP: PO EXP PF .

    $default  reduce using rule 9 (EXP)


State 16

    4 EXP: EXP . AFFECT EXP
    5    | EXP . PLUS EXP
    5    | EXP PLUS EXP .
    6    | EXP . MOINS EXP
    7    | EXP . MULT EXP
    8    | EXP . DIV EXP
   10    | EXP . POW EXP

    AFFECT  shift, and go to state 10
    MULT    shift, and go to state 12
    DIV     shift, and go to state 13
    POW     shift, and go to state 14

    AFFECT    [reduce using rule 5 (EXP)]
    $default  reduce using rule 5 (EXP)


State 17

    4 EXP: EXP . AFFECT EXP
    4    | EXP AFFECT EXP .
    5    | EXP . PLUS EXP
    6    | EXP . MOINS EXP
    7    | EXP . MULT EXP
    8    | EXP . DIV EXP
   10    | EXP . POW EXP

    PLUS    shift, and go to state 8
    AFFECT  shift, and go to state 10
    MOINS   shift, and go to state 11
    MULT    shift, and go to state 12
    DIV     shift, and go to state 13
    POW     shift, and go to state 14

    PLUS      [reduce using rule 4 (EXP)]
    AFFECT    [reduce using rule 4 (EXP)]
    MOINS     [reduce using rule 4 (EXP)]
    MULT      [reduce using rule 4 (EXP)]
    DIV       [reduce using rule 4 (EXP)]
    POW       [reduce using rule 4 (EXP)]
    $default  reduce using rule 4 (EXP)


State 18

    4 EXP: EXP . AFFECT EXP
    5    | EXP . PLUS EXP
    6    | EXP . MOINS EXP
    6    | EXP MOINS EXP .
    7    | EXP . MULT EXP
    8    | EXP . DIV EXP
   10    | EXP . POW EXP

    AFFECT  shift, and go to state 10
    MULT    shift, and go to state 12
    DIV     shift, and go to state 13
    POW     shift, and go to state 14

    AFFECT    [reduce using rule 6 (EXP)]
    $default  reduce using rule 6 (EXP)


State 19

    4 EXP: EXP . AFFECT EXP
    5    | EXP . PLUS EXP
    6    | EXP . MOINS EXP
    7    | EXP . MULT EXP
    7    | EXP MULT EXP .
    8    | EXP . DIV EXP
   10    | EXP . POW EXP

    AFFECT  shift, and go to state 10
    POW     shift, and go to state 14

    AFFECT    [reduce using rule 7 (EXP)]
    $default  reduce using rule 7 (EXP)


State 20

    4 EXP: EXP . AFFECT EXP
    5    | EXP . PLUS EXP
    6    | EXP . MOINS EXP
    7    | EXP . MULT EXP
    8    | EXP . DIV EXP
    8    | EXP DIV EXP .
   10    | EXP . POW EXP

    AFFECT  shift, and go to state 10
    POW     shift, and go to state 14

    AFFECT    [reduce using rule 8 (EXP)]
    $default  reduce using rule 8 (EXP)


State 21

    4 EXP: EXP . AFFECT EXP
    5    | EXP . PLUS EXP
    6    | EXP . MOINS EXP
    7    | EXP . MULT EXP
    8    | EXP . DIV EXP
   10    | EXP . POW EXP
   10    | EXP POW EXP .

    AFFECT  shift, and go to state 10
    POW     shift, and go to state 14

    AFFECT    [reduce using rule 10 (EXP)]
    $default  reduce using rule 10 (EXP)
